<?xml version="1.0"?>
<testsuite name="Chrome Headless 146.0.0.0 (Windows 10)" package="" timestamp="2026-03-20T21:37:56" id="0" hostname="LAPTOP-JA0C7SPB" tests="5" errors="0" failures="0" time="0.111">
  <properties>
    <property name="browser.fullName" value="Mozilla/5.0 (Windows NT 10.0; Win64; x64) AppleWebKit/537.36 (KHTML, like Gecko) HeadlessChrome/146.0.0.0 Safari/537.36"/>
  </properties>
  <testcase name="AppComponent should create the app" time="0.075" classname="Chrome_Headless_146_0_0_0_(Windows_10).AppComponent"/>
  <testcase name="AppComponent should have as title 'olympic-games-starter'" time="0.004" classname="Chrome_Headless_146_0_0_0_(Windows_10).AppComponent"/>
  <testcase name="HomeComponent should create" time="0.019" classname="Chrome_Headless_146_0_0_0_(Windows_10).HomeComponent"/>
  <testcase name="NotFoundComponent should create" time="0.01" classname="Chrome_Headless_146_0_0_0_(Windows_10).NotFoundComponent"/>
  <testcase name="OlympicService should be created" time="0.003" classname="Chrome_Headless_146_0_0_0_(Windows_10).OlympicService"/>
  <system-out>
    <![CDATA[
]]>
  </system-out>
  <system-err/>
</testsuite>